<?xml version="1.0" encoding="UTF-8"?>
<!-- Generated by org.testng.reporters.JUnitReportReporter -->
<testsuite skipped="0" hostname="PNGD1263" name="HotelBookingTest" tests="1" failures="0" timestamp="08 Jan 2019 13:27:56 GMT" time="74.554" errors="0">
  <testcase name="shouldBeAbleToSearchForHotels" time="74.554" classname="HotelBookingTest"/>
</testsuite> <!-- HotelBookingTest -->
