<?xml version="1.0" encoding="UTF-8"?>
<!-- Generated by org.testng.reporters.JUnitReportReporter -->
<testsuite skipped="0" hostname="PNGD1263" name="SignInTest" tests="1" failures="0" timestamp="08 Jan 2019 13:27:56 GMT" time="32.826" errors="0">
  <testcase name="shouldThrowAnErrorIfSignInDetailsAreMissing" time="32.826" classname="SignInTest"/>
</testsuite> <!-- SignInTest -->
